[15:57:55.840] Running build in Washington, D.C., USA (East) – iad1
[15:57:55.948] Cloning github.com/KocakavukLab/kocakavuklab-app (Branch: v2, Commit: 0de900c)
[15:57:55.981] Skipping build cache, deployment was triggered without cache.
[15:57:57.912] Cloning completed: 1.963s
[15:57:58.219] Running "vercel build"
[15:57:58.643] Vercel CLI 39.3.0
[15:57:59.344] Installing dependencies...
[15:58:05.958] npm warn deprecated w3c-hr-time@1.0.2: Use your platform's native performance.now() and performance.timeOrigin.
[15:58:06.623] npm warn deprecated stable@0.1.8: Modern JS already guarantees Array#sort() is a stable sort, so this library is deprecated. See the compatibility table on MDN: https://developer.mozilla.org/en-US/docs/Web/JavaScript/Reference/Global_Objects/Array/sort#browser_compatibility
[15:58:06.760] npm warn deprecated sourcemap-codec@1.4.8: Please use @jridgewell/sourcemap-codec instead
[15:58:06.912] npm warn deprecated rimraf@3.0.2: Rimraf versions prior to v4 are no longer supported
[15:58:06.978] npm warn deprecated workbox-cacheable-response@6.6.0: workbox-background-sync@6.6.0
[15:58:06.983] npm warn deprecated rollup-plugin-terser@7.0.2: This package has been deprecated and is no longer maintained. Please use @rollup/plugin-terser
[15:58:07.383] npm warn deprecated q@1.5.1: You or someone you depend on is using Q, the JavaScript Promise library that gave JavaScript developers strong feelings about promises. They can almost certainly migrate to the native JavaScript promise now. Thank you literally everyone for joining me in this bet against the odds. Be excellent to each other.
[15:58:07.384] npm warn deprecated
[15:58:07.384] npm warn deprecated (For a CapTP with native promises, see @endo/eventual-send and @endo/captp)
[15:58:07.623] npm warn deprecated workbox-google-analytics@6.6.0: It is not compatible with newer versions of GA starting with v4, as long as you are using GAv3 it should be ok, but the package is not longer being maintained
[15:58:09.009] npm warn deprecated inflight@1.0.6: This module is not supported, and leaks memory. Do not use it. Check out lru-cache if you want a good and tested way to coalesce async requests by a key value, which is much more comprehensive and powerful.
[15:58:09.353] npm warn deprecated glob@7.2.3: Glob versions prior to v9 are no longer supported
[15:58:10.040] npm warn deprecated domexception@2.0.1: Use your platform's native DOMException instead
[15:58:10.693] npm warn deprecated svgo@1.3.2: This SVGO version is no longer supported. Upgrade to v2.x.x.
[15:58:10.903] npm warn deprecated abab@2.0.6: Use your platform's native atob() and btoa() methods instead
[15:58:11.669] npm warn deprecated emailjs-com@3.2.0: The SDK name changed to @emailjs/browser
[15:58:12.219] npm warn deprecated @humanwhocodes/object-schema@2.0.3: Use @eslint/object-schema instead
[15:58:12.249] npm warn deprecated @humanwhocodes/config-array@0.13.0: Use @eslint/config-array instead
[15:58:13.038] npm warn deprecated @babel/plugin-proposal-private-methods@7.18.6: This proposal has been merged to the ECMAScript standard and thus this plugin is no longer maintained. Please use @babel/plugin-transform-private-methods instead.
[15:58:13.065] npm warn deprecated @babel/plugin-proposal-nullish-coalescing-operator@7.18.6: This proposal has been merged to the ECMAScript standard and thus this plugin is no longer maintained. Please use @babel/plugin-transform-nullish-coalescing-operator instead.
[15:58:13.065] npm warn deprecated @babel/plugin-proposal-private-property-in-object@7.21.11: This proposal has been merged to the ECMAScript standard and thus this plugin is no longer maintained. Please use @babel/plugin-transform-private-property-in-object instead.
[15:58:13.066] npm warn deprecated @babel/plugin-proposal-class-properties@7.18.6: This proposal has been merged to the ECMAScript standard and thus this plugin is no longer maintained. Please use @babel/plugin-transform-class-properties instead.
[15:58:13.066] npm warn deprecated @babel/plugin-proposal-optional-chaining@7.21.0: This proposal has been merged to the ECMAScript standard and thus this plugin is no longer maintained. Please use @babel/plugin-transform-optional-chaining instead.
[15:58:13.110] npm warn deprecated @babel/plugin-proposal-numeric-separator@7.18.6: This proposal has been merged to the ECMAScript standard and thus this plugin is no longer maintained. Please use @babel/plugin-transform-numeric-separator instead.
[15:58:18.252] npm warn deprecated eslint@8.57.1: This version is no longer supported. Please see https://eslint.org/version-support for other options.
[15:58:22.951] 
[15:58:22.951] added 1633 packages in 23s
[15:58:22.952] 
[15:58:22.952] 302 packages are looking for funding
[15:58:22.952]   run `npm fund` for details
[15:58:22.953] npm notice
[15:58:22.954] npm notice New major version of npm available! 10.8.2 -> 11.1.0
[15:58:22.954] npm notice Changelog: https://github.com/npm/cli/releases/tag/v11.1.0
[15:58:22.954] npm notice To update run: npm install -g npm@11.1.0
[15:58:22.954] npm notice
[15:58:23.058] Running "npm run build"
[15:58:23.276] 
[15:58:23.276] > build
[15:58:23.276] > react-scripts build
[15:58:23.277] 
[15:58:24.609] Creating an optimized production build...
[15:58:28.507] Failed to compile.
[15:58:28.507] 
[15:58:28.507] Module not found: Error: Can't resolve '../assets/logos/dfg.png' in '/vercel/path0/src/components'
[15:58:28.507] 
[15:58:28.508] 
[15:58:28.539] Error: Command "npm run build" exited with 1
[15:58:28.934] 